<?xml version="1.0" encoding="UTF-8"?>
<!-- Generated by org.testng.reporters.JUnitReportReporter -->
<testsuite hostname="INEMBL-8FC3TT2" name="testCases.TC01_LoginAndAddProductToCart" tests="4" failures="0" timestamp="11 Oct 2020 19:54:28 GMT" time="32.064" errors="0">
  <testcase name="VerifyLogin" time="8.432" classname="testCases.TC01_LoginAndAddProductToCart"/>
  <testcase name="VerifyLogin" time="7.454" classname="testCases.TC01_LoginAndAddProductToCart"/>
  <testcase name="VerifyLogin" time="7.562" classname="testCases.TC01_LoginAndAddProductToCart"/>
  <testcase name="VerifyLogin" time="8.616" classname="testCases.TC01_LoginAndAddProductToCart"/>
</testsuite> <!-- testCases.TC01_LoginAndAddProductToCart -->
